# JRE version: OpenJDK Runtime Environment (7.0_55-b14) (build 1.7.0_55-b14)
# Java VM: OpenJDK Server VM (24.51-b03 mixed mode linux-x86 )
Heap
 PSYoungGen      total 249088K, used 345K [0x9de00000, 0xb3380000, 0xb3380000)
  eden space 196096K, 0% used [0x9de00000,0x9de00000,0xa9d80000)
  from space 52992K, 0% used [0xa9d80000,0xa9dd65e0,0xad140000)
  to   space 80128K, 0% used [0xae540000,0xae540000,0xb3380000)
 ParOldGen       total 322304K, used 322099K [0x73380000, 0x86e40000, 0x9de00000)
  object space 322304K, 99% used [0x73380000,0x86e0ccf0,0x86e40000)
 PSPermGen       total 16384K, used 4117K [0x6b380000, 0x6c380000, 0x73380000)
  object space 16384K, 25% used [0x6b380000,0x6b785540,0x6c380000)
GC Heap History (10 events):
Event: 21.022 GC heap after
Heap after GC invocations=19 (full 4):
 PSYoungGen      total 286720K, used 7480K [0x9de00000, 0xb3380000, 0xb3380000)
  eden space 245760K, 0% used [0x9de00000,0x9de00000,0xace00000)
  from space 40960K, 18% used [0xace00000,0xad54e098,0xaf600000)
  to   space 56320K, 0% used [0xafc80000,0xafc80000,0xb3380000)
 ParOldGen       total 322304K, used 211411K [0x73380000, 0x86e40000, 0x9de00000)
  object space 322304K, 65% used [0x73380000,0x801f4ef8,0x86e40000)
 PSPermGen       total 16384K, used 4084K [0x6b380000, 0x6c380000, 0x73380000)
  object space 16384K, 24% used [0x6b380000,0x6b77d158,0x6c380000)
}
Event: 23.682 GC heap before
{Heap before GC invocations=20 (full 4):
 PSYoungGen      total 286720K, used 253240K [0x9de00000, 0xb3380000, 0xb3380000)
  eden space 245760K, 100% used [0x9de00000,0xace00000,0xace00000)
  from space 40960K, 18% used [0xace00000,0xad54e098,0xaf600000)
  to   space 56320K, 0% used [0xafc80000,0xafc80000,0xb3380000)
 ParOldGen       total 322304K, used 211411K [0x73380000, 0x86e40000, 0x9de00000)
  object space 322304K, 65% used [0x73380000,0x801f4ef8,0x86e40000)
 PSPermGen       total 16384K, used 4091K [0x6b380000, 0x6c380000, 0x73380000)
  object space 16384K, 24% used [0x6b380000,0x6b77ed78,0x6c380000)
Event: 26.074 GC heap after
Heap after GC invocations=20 (full 4):
 PSYoungGen      total 268288K, used 56316K [0x9de00000, 0xb3380000, 0xb3380000)
  eden space 211968K, 0% used [0x9de00000,0x9de00000,0xaad00000)
  from space 56320K, 99% used [0xafc80000,0xb337f0a0,0xb3380000)
  to   space 68864K, 0% used [0xaad00000,0xaad00000,0xaf040000)
 ParOldGen       total 322304K, used 221688K [0x73380000, 0x86e40000, 0x9de00000)
  object space 322304K, 68% used [0x73380000,0x80bfe0b8,0x86e40000)
 PSPermGen       total 16384K, used 4091K [0x6b380000, 0x6c380000, 0x73380000)
  object space 16384K, 24% used [0x6b380000,0x6b77ed78,0x6c380000)
}
Event: 30.064 GC heap before
{Heap before GC invocations=21 (full 4):
 PSYoungGen      total 268288K, used 268284K [0x9de00000, 0xb3380000, 0xb3380000)
  eden space 211968K, 100% used [0x9de00000,0xaad00000,0xaad00000)
  from space 56320K, 99% used [0xafc80000,0xb337f0a0,0xb3380000)
  to   space 68864K, 0% used [0xaad00000,0xaad00000,0xaf040000)
 ParOldGen       total 322304K, used 221688K [0x73380000, 0x86e40000, 0x9de00000)
  object space 322304K, 68% used [0x73380000,0x80bfe0b8,0x86e40000)
 PSPermGen       total 16384K, used 4116K [0x6b380000, 0x6c380000, 0x73380000)
  object space 16384K, 25% used [0x6b380000,0x6b7852f0,0x6c380000)
Event: 33.933 GC heap after
Heap after GC invocations=21 (full 4):
 PSYoungGen      total 280832K, used 25880K [0x9de00000, 0xb3380000, 0xb3380000)
  eden space 211968K, 0% used [0x9de00000,0x9de00000,0xaad00000)
  from space 68864K, 37% used [0xaad00000,0xac646020,0xaf040000)
  to   space 65024K, 0% used [0xaf400000,0xaf400000,0xb3380000)
 ParOldGen       total 322304K, used 246917K [0x73380000, 0x86e40000, 0x9de00000)
  object space 322304K, 76% used [0x73380000,0x824a1610,0x86e40000)
 PSPermGen       total 16384K, used 4116K [0x6b380000, 0x6c380000, 0x73380000)
  object space 16384K, 25% used [0x6b380000,0x6b7852f0,0x6c380000)
}
Event: 34.668 GC heap before
{Heap before GC invocations=22 (full 4):
 PSYoungGen      total 280832K, used 237848K [0x9de00000, 0xb3380000, 0xb3380000)
  eden space 211968K, 100% used [0x9de00000,0xaad00000,0xaad00000)
  from space 68864K, 37% used [0xaad00000,0xac646020,0xaf040000)
  to   space 65024K, 0% used [0xaf400000,0xaf400000,0xb3380000)
 ParOldGen       total 322304K, used 246917K [0x73380000, 0x86e40000, 0x9de00000)
  object space 322304K, 76% used [0x73380000,0x824a1610,0x86e40000)
 PSPermGen       total 16384K, used 4117K [0x6b380000, 0x6c380000, 0x73380000)
  object space 16384K, 25% used [0x6b380000,0x6b785420,0x6c380000)
Event: 36.376 GC heap after
Heap after GC invocations=22 (full 4):
 PSYoungGen      total 261120K, used 65010K [0x9de00000, 0xb3380000, 0xb3380000)
  eden space 196096K, 0% used [0x9de00000,0x9de00000,0xa9d80000)
  from space 65024K, 99% used [0xaf400000,0xb337c8d8,0xb3380000)
  to   space 76800K, 0% used [0xa9d80000,0xa9d80000,0xae880000)
 ParOldGen       total 322304K, used 250823K [0x73380000, 0x86e40000, 0x9de00000)
  object space 322304K, 77% used [0x73380000,0x82871f60,0x86e40000)
 PSPermGen       total 16384K, used 4117K [0x6b380000, 0x6c380000, 0x73380000)
  object space 16384K, 25% used [0x6b380000,0x6b785420,0x6c380000)
}
Event: 37.267 GC heap before
{Heap before GC invocations=23 (full 4):
 PSYoungGen      total 261120K, used 261106K [0x9de00000, 0xb3380000, 0xb3380000)
  eden space 196096K, 100% used [0x9de00000,0xa9d80000,0xa9d80000)
  from space 65024K, 99% used [0xaf400000,0xb337c8d8,0xb3380000)
  to   space 76800K, 0% used [0xa9d80000,0xa9d80000,0xae880000)
 ParOldGen       total 322304K, used 250823K [0x73380000, 0x86e40000, 0x9de00000)
  object space 322304K, 77% used [0x73380000,0x82871f60,0x86e40000)
 PSPermGen       total 16384K, used 4117K [0x6b380000, 0x6c380000, 0x73380000)
  object space 16384K, 25% used [0x6b380000,0x6b785590,0x6c380000)
Event: 44.286 GC heap after
Heap after GC invocations=23 (full 4):
 PSYoungGen      total 249088K, used 52863K [0x9de00000, 0xb3380000, 0xb3380000)
  eden space 196096K, 0% used [0x9de00000,0x9de00000,0xa9d80000)
  from space 52992K, 99% used [0xa9d80000,0xad11fdc8,0xad140000)
  to   space 80128K, 0% used [0xae540000,0xae540000,0xb3380000)
 ParOldGen       total 322304K, used 321331K [0x73380000, 0x86e40000, 0x9de00000)
  object space 322304K, 99% used [0x73380000,0x86d4cd88,0x86e40000)
 PSPermGen       total 16384K, used 4117K [0x6b380000, 0x6c380000, 0x73380000)
  object space 16384K, 25% used [0x6b380000,0x6b785590,0x6c380000)
}
Event: 44.286 GC heap before
{Heap before GC invocations=24 (full 5):
 PSYoungGen      total 249088K, used 52863K [0x9de00000, 0xb3380000, 0xb3380000)
  eden space 196096K, 0% used [0x9de00000,0x9de00000,0xa9d80000)
  from space 52992K, 99% used [0xa9d80000,0xad11fdc8,0xad140000)
  to   space 80128K, 0% used [0xae540000,0xae540000,0xb3380000)
 ParOldGen       total 322304K, used 321331K [0x73380000, 0x86e40000, 0x9de00000)
  object space 322304K, 99% used [0x73380000,0x86d4cd88,0x86e40000)
 PSPermGen       total 16384K, used 4117K [0x6b380000, 0x6c380000, 0x73380000)
  object space 16384K, 25% used [0x6b380000,0x6b785590,0x6c380000)

