# JRE version: OpenJDK Runtime Environment (7.0_55-b14) (build 1.7.0_55-b14)
# Java VM: OpenJDK Server VM (24.51-b03 mixed mode linux-x86 )
Heap
 PSYoungGen      total 275712K, used 24700K [0x9ddc0000, 0xb3340000, 0xb3340000)
  eden space 239616K, 0% used [0x9ddc0000,0x9ddc0000,0xac7c0000)
  from space 36096K, 68% used [0xac7c0000,0xadfdf3f8,0xaeb00000)
  to   space 55808K, 0% used [0xafcc0000,0xafcc0000,0xb3340000)
 ParOldGen       total 429824K, used 429708K [0x73340000, 0x8d700000, 0x9ddc0000)
  object space 429824K, 99% used [0x73340000,0x8d6e31f0,0x8d700000)
 PSPermGen       total 16384K, used 4132K [0x6b340000, 0x6c340000, 0x73340000)
  object space 16384K, 25% used [0x6b340000,0x6b7490c0,0x6c340000)
GC Heap History (10 events):
Event: 67.951 GC heap after
Heap after GC invocations=27 (full 5):
 PSYoungGen      total 297216K, used 30435K [0x9ddc0000, 0xb3200000, 0xb3340000)
  eden space 249088K, 0% used [0x9ddc0000,0x9ddc0000,0xad100000)
  from space 48128K, 63% used [0xb0300000,0xb20b8e58,0xb3200000)
  to   space 49664K, 0% used [0xad100000,0xad100000,0xb0180000)
 ParOldGen       total 346112K, used 321285K [0x73340000, 0x88540000, 0x9ddc0000)
  object space 346112K, 92% used [0x73340000,0x86d01620,0x88540000)
 PSPermGen       total 16384K, used 4123K [0x6b340000, 0x6c340000, 0x73340000)
  object space 16384K, 25% used [0x6b340000,0x6b746cb8,0x6c340000)
}
Event: 67.951 GC heap before
{Heap before GC invocations=28 (full 6):
 PSYoungGen      total 297216K, used 30435K [0x9ddc0000, 0xb3200000, 0xb3340000)
  eden space 249088K, 0% used [0x9ddc0000,0x9ddc0000,0xad100000)
  from space 48128K, 63% used [0xb0300000,0xb20b8e58,0xb3200000)
  to   space 49664K, 0% used [0xad100000,0xad100000,0xb0180000)
 ParOldGen       total 346112K, used 321285K [0x73340000, 0x88540000, 0x9ddc0000)
  object space 346112K, 92% used [0x73340000,0x86d01620,0x88540000)
 PSPermGen       total 16384K, used 4123K [0x6b340000, 0x6c340000, 0x73340000)
  object space 16384K, 25% used [0x6b340000,0x6b746cb8,0x6c340000)
Event: 69.722 GC heap after
Heap after GC invocations=28 (full 6):
 PSYoungGen      total 297216K, used 947K [0x9ddc0000, 0xb3200000, 0xb3340000)
  eden space 249088K, 0% used [0x9ddc0000,0x9ddc0000,0xad100000)
  from space 48128K, 1% used [0xb0300000,0xb03ece70,0xb3200000)
  to   space 49664K, 0% used [0xad100000,0xad100000,0xb0180000)
 ParOldGen       total 429824K, used 346019K [0x73340000, 0x8d700000, 0x9ddc0000)
  object space 429824K, 80% used [0x73340000,0x88528c18,0x8d700000)
 PSPermGen       total 16384K, used 4123K [0x6b340000, 0x6c340000, 0x73340000)
  object space 16384K, 25% used [0x6b340000,0x6b746cb8,0x6c340000)
}
Event: 70.430 GC heap before
{Heap before GC invocations=29 (full 6):
 PSYoungGen      total 297216K, used 250035K [0x9ddc0000, 0xb3200000, 0xb3340000)
  eden space 249088K, 100% used [0x9ddc0000,0xad100000,0xad100000)
  from space 48128K, 1% used [0xb0300000,0xb03ece70,0xb3200000)
  to   space 49664K, 0% used [0xad100000,0xad100000,0xb0180000)
 ParOldGen       total 429824K, used 346019K [0x73340000, 0x8d700000, 0x9ddc0000)
  object space 429824K, 80% used [0x73340000,0x88528c18,0x8d700000)
 PSPermGen       total 16384K, used 4126K [0x6b340000, 0x6c340000, 0x73340000)
  object space 16384K, 25% used [0x6b340000,0x6b7478d0,0x6c340000)
Event: 70.558 GC heap after
Heap after GC invocations=29 (full 6):
 PSYoungGen      total 287232K, used 37915K [0x9ddc0000, 0xb3340000, 0xb3340000)
  eden space 249088K, 0% used [0x9ddc0000,0x9ddc0000,0xad100000)
  from space 38144K, 99% used [0xad100000,0xaf606cc0,0xaf640000)
  to   space 52480K, 0% used [0xb0000000,0xb0000000,0xb3340000)
 ParOldGen       total 429824K, used 346187K [0x73340000, 0x8d700000, 0x9ddc0000)
  object space 429824K, 80% used [0x73340000,0x88552c18,0x8d700000)
 PSPermGen       total 16384K, used 4126K [0x6b340000, 0x6c340000, 0x73340000)
  object space 16384K, 25% used [0x6b340000,0x6b7478d0,0x6c340000)
}
Event: 71.267 GC heap before
{Heap before GC invocations=30 (full 6):
 PSYoungGen      total 287232K, used 287003K [0x9ddc0000, 0xb3340000, 0xb3340000)
  eden space 249088K, 100% used [0x9ddc0000,0xad100000,0xad100000)
  from space 38144K, 99% used [0xad100000,0xaf606cc0,0xaf640000)
  to   space 52480K, 0% used [0xb0000000,0xb0000000,0xb3340000)
 ParOldGen       total 429824K, used 346187K [0x73340000, 0x8d700000, 0x9ddc0000)
  object space 429824K, 80% used [0x73340000,0x88552c18,0x8d700000)
 PSPermGen       total 16384K, used 4128K [0x6b340000, 0x6c340000, 0x73340000)
  object space 16384K, 25% used [0x6b340000,0x6b748010,0x6c340000)
Event: 72.426 GC heap after
Heap after GC invocations=30 (full 6):
 PSYoungGen      total 292096K, used 39112K [0x9ddc0000, 0xb3340000, 0xb3340000)
  eden space 239616K, 0% used [0x9ddc0000,0x9ddc0000,0xac7c0000)
  from space 52480K, 74% used [0xb0000000,0xb2632010,0xb3340000)
  to   space 55040K, 0% used [0xac7c0000,0xac7c0000,0xafd80000)
 ParOldGen       total 429824K, used 382834K [0x73340000, 0x8d700000, 0x9ddc0000)
  object space 429824K, 89% used [0x73340000,0x8a91c990,0x8d700000)
 PSPermGen       total 16384K, used 4128K [0x6b340000, 0x6c340000, 0x73340000)
  object space 16384K, 25% used [0x6b340000,0x6b748010,0x6c340000)
}
Event: 73.833 GC heap before
{Heap before GC invocations=31 (full 6):
 PSYoungGen      total 292096K, used 278728K [0x9ddc0000, 0xb3340000, 0xb3340000)
  eden space 239616K, 100% used [0x9ddc0000,0xac7c0000,0xac7c0000)
  from space 52480K, 74% used [0xb0000000,0xb2632010,0xb3340000)
  to   space 55040K, 0% used [0xac7c0000,0xac7c0000,0xafd80000)
 ParOldGen       total 429824K, used 382834K [0x73340000, 0x8d700000, 0x9ddc0000)
  object space 429824K, 89% used [0x73340000,0x8a91c990,0x8d700000)
 PSPermGen       total 16384K, used 4132K [0x6b340000, 0x6c340000, 0x73340000)
  object space 16384K, 25% used [0x6b340000,0x6b7490f0,0x6c340000)
Event: 74.450 GC heap after
Heap after GC invocations=31 (full 6):
 PSYoungGen      total 275712K, used 35983K [0x9ddc0000, 0xb3340000, 0xb3340000)
  eden space 239616K, 0% used [0x9ddc0000,0x9ddc0000,0xac7c0000)
  from space 36096K, 99% used [0xac7c0000,0xaeae3f50,0xaeb00000)
  to   space 55808K, 0% used [0xafcc0000,0xafcc0000,0xb3340000)
 ParOldGen       total 429824K, used 420183K [0x73340000, 0x8d700000, 0x9ddc0000)
  object space 429824K, 97% used [0x73340000,0x8cd95ef8,0x8d700000)
 PSPermGen       total 16384K, used 4132K [0x6b340000, 0x6c340000, 0x73340000)
  object space 16384K, 25% used [0x6b340000,0x6b7490f0,0x6c340000)
}
Event: 74.450 GC heap before
{Heap before GC invocations=32 (full 7):
 PSYoungGen      total 275712K, used 35983K [0x9ddc0000, 0xb3340000, 0xb3340000)
  eden space 239616K, 0% used [0x9ddc0000,0x9ddc0000,0xac7c0000)
  from space 36096K, 99% used [0xac7c0000,0xaeae3f50,0xaeb00000)
  to   space 55808K, 0% used [0xafcc0000,0xafcc0000,0xb3340000)
 ParOldGen       total 429824K, used 420183K [0x73340000, 0x8d700000, 0x9ddc0000)
  object space 429824K, 97% used [0x73340000,0x8cd95ef8,0x8d700000)
 PSPermGen       total 16384K, used 4132K [0x6b340000, 0x6c340000, 0x73340000)
  object space 16384K, 25% used [0x6b340000,0x6b7490f0,0x6c340000)

